<?xml version="1.0" encoding="UTF-8"?>
<!-- Generated by org.testng.reporters.JUnitXMLReporter -->
<testsuite hostname="BLT132" ignored="3" tests="0" failures="0" timestamp="18 Feb 2020 08:40:26 GMT" time="0.008" errors="0">
  <testcase name="Login" time="0.0" classname="TestNG_Demo.Depends_On_Group">
    <ignored/>
  </testcase> <!-- Login -->
  <testcase name="Search" time="0.0" classname="TestNG_Demo.Depends_On_Group">
    <ignored/>
  </testcase> <!-- Search -->
  <testcase name="Logout" time="0.0" classname="TestNG_Demo.Depends_On_Group">
    <ignored/>
  </testcase> <!-- Logout -->
</testsuite>
