<?xml version="1.0" encoding="UTF-8"?>
<testng-results skipped="0" failed="0" ignored="0" total="3" passed="3">
  <reporter-output>
  </reporter-output>
  <suite name="Default suite" duration-ms="109871" started-at="2020-02-11T09:07:50Z" finished-at="2020-02-11T09:09:40Z">
    <groups>
    </groups>
    <test name="Default test" duration-ms="109871" started-at="2020-02-11T09:07:50Z" finished-at="2020-02-11T09:09:40Z">
      <class name="Demointernetexplorer.jnknsif">
        <test-method status="PASS" signature="Internetexploreropen()[pri:1, instance:Demointernetexplorer.jnknsif@7f9a81e8]" name="Internetexploreropen" duration-ms="17789" started-at="2020-02-11T09:07:50Z" finished-at="2020-02-11T09:08:08Z">
          <reporter-output>
          </reporter-output>
        </test-method> <!-- Internetexploreropen -->
        <test-method status="PASS" signature="Firefoxbrowseropen()[pri:2, instance:Demointernetexplorer.jnknsif@7f9a81e8]" name="Firefoxbrowseropen" duration-ms="50837" started-at="2020-02-11T09:08:08Z" finished-at="2020-02-11T09:08:59Z">
          <reporter-output>
          </reporter-output>
        </test-method> <!-- Firefoxbrowseropen -->
        <test-method status="PASS" signature="Chromebrowseropen()[pri:3, instance:Demointernetexplorer.jnknsif@7f9a81e8]" name="Chromebrowseropen" duration-ms="41166" started-at="2020-02-11T09:08:59Z" finished-at="2020-02-11T09:09:40Z">
          <reporter-output>
          </reporter-output>
        </test-method> <!-- Chromebrowseropen -->
      </class> <!-- Demointernetexplorer.jnknsif -->
    </test> <!-- Default test -->
  </suite> <!-- Default suite -->
</testng-results>
