<?xml version="1.0" encoding="UTF-8"?>
<testng-results skipped="0" failed="0" ignored="0" total="1" passed="1">
  <reporter-output>
  </reporter-output>
  <suite name="Default suite" duration-ms="18296" started-at="2020-02-19T12:25:47Z" finished-at="2020-02-19T12:26:05Z">
    <groups>
    </groups>
    <test name="Default test" duration-ms="18296" started-at="2020-02-19T12:25:47Z" finished-at="2020-02-19T12:26:05Z">
      <class name="Test_Cases.OrangeHRM_TestCase">
        <test-method status="PASS" signature="startUp()[pri:0, instance:Test_Cases.OrangeHRM_TestCase@6d4b1c02]" name="startUp" is-config="true" duration-ms="13584" started-at="2020-02-19T12:25:47Z" finished-at="2020-02-19T12:26:00Z">
          <reporter-output>
          </reporter-output>
        </test-method> <!-- startUp -->
        <test-method status="PASS" signature="login()[pri:0, instance:Test_Cases.OrangeHRM_TestCase@6d4b1c02]" name="login" duration-ms="2646" started-at="2020-02-19T12:26:00Z" finished-at="2020-02-19T12:26:03Z">
          <reporter-output>
          </reporter-output>
        </test-method> <!-- login -->
        <test-method status="PASS" signature="Logout()[pri:0, instance:Test_Cases.OrangeHRM_TestCase@6d4b1c02]" name="Logout" is-config="true" duration-ms="2023" started-at="2020-02-19T12:26:03Z" finished-at="2020-02-19T12:26:05Z">
          <reporter-output>
          </reporter-output>
        </test-method> <!-- Logout -->
      </class> <!-- Test_Cases.OrangeHRM_TestCase -->
    </test> <!-- Default test -->
  </suite> <!-- Default suite -->
</testng-results>
