<?xml version="1.0" encoding="UTF-8"?>
<!-- Generated by org.testng.reporters.JUnitXMLReporter -->
<testsuite hostname="BLT132" ignored="0" name="Test" tests="4" failures="0" timestamp="04 Feb 2020 07:56:57 GMT" time="59.166" errors="0">
  <testcase name="Internetexploreropen" time="6.647" classname="Demointernetexplorer.Launchinginternetexplorer"/>
  <testcase name="Internetexploreropen" time="3.689" classname="Demointernetexplorer.Jnkns"/>
  <testcase name="Firefoxbrowseropen" time="27.098" classname="Demointernetexplorer.Jnkns"/>
  <testcase name="Chromebrowseropen" time="21.682" classname="Demointernetexplorer.Jnkns"/>
</testsuite> <!-- Test -->
