<?xml version="1.0" encoding="UTF-8"?>
<!-- Generated by org.testng.reporters.JUnitXMLReporter -->
<testsuite hostname="BLT132" ignored="0" name="Default test" tests="3" failures="0" timestamp="11 Feb 2020 09:09:40 GMT" time="109.871" errors="0">
  <testcase name="Internetexploreropen" time="17.789" classname="Demointernetexplorer.jnknsif"/>
  <testcase name="Firefoxbrowseropen" time="50.837" classname="Demointernetexplorer.jnknsif"/>
  <testcase name="Chromebrowseropen" time="41.166" classname="Demointernetexplorer.jnknsif"/>
</testsuite> <!-- Default test -->
