<?xml version="1.0" encoding="UTF-8"?>
<testng-results skipped="0" failed="0" ignored="0" total="1" passed="1">
  <reporter-output>
  </reporter-output>
  <suite name="Default suite" duration-ms="25735" started-at="2020-02-18T08:08:51Z" finished-at="2020-02-18T08:09:16Z">
    <groups>
    </groups>
    <test name="Default test" duration-ms="25735" started-at="2020-02-18T08:08:51Z" finished-at="2020-02-18T08:09:16Z">
      <class name="Maven_OrangeHRM_Examples.Maven_OrangeHRM_Examples">
        <test-method status="PASS" signature="beforeMethod()[pri:0, instance:Maven_OrangeHRM_Examples.Maven_OrangeHRM_Examples@670b40af]" name="beforeMethod" is-config="true" duration-ms="22839" started-at="2020-02-18T08:08:51Z" finished-at="2020-02-18T08:09:14Z">
          <reporter-output>
          </reporter-output>
        </test-method> <!-- beforeMethod -->
        <test-method status="PASS" signature="Logout()[pri:0, instance:Maven_OrangeHRM_Examples.Maven_OrangeHRM_Examples@670b40af]" name="Logout" duration-ms="384" started-at="2020-02-18T08:09:14Z" finished-at="2020-02-18T08:09:14Z">
          <reporter-output>
          </reporter-output>
        </test-method> <!-- Logout -->
        <test-method status="PASS" signature="afterMethod()[pri:0, instance:Maven_OrangeHRM_Examples.Maven_OrangeHRM_Examples@670b40af]" name="afterMethod" is-config="true" duration-ms="2464" started-at="2020-02-18T08:09:14Z" finished-at="2020-02-18T08:09:16Z">
          <reporter-output>
          </reporter-output>
        </test-method> <!-- afterMethod -->
      </class> <!-- Maven_OrangeHRM_Examples.Maven_OrangeHRM_Examples -->
    </test> <!-- Default test -->
  </suite> <!-- Default suite -->
</testng-results>
