<?xml version="1.0" encoding="UTF-8"?>
<testng-results skipped="0" failed="0" ignored="0" total="3" passed="3">
  <reporter-output>
  </reporter-output>
  <suite name="Default suite" duration-ms="46935" started-at="2020-03-05T04:20:50Z" finished-at="2020-03-05T04:21:37Z">
    <groups>
    </groups>
    <test name="Default test" duration-ms="46935" started-at="2020-03-05T04:20:50Z" finished-at="2020-03-05T04:21:37Z">
      <class name="TestNG_Demo.TestNG_Data_provider">
        <test-method status="PASS" signature="beforemethod()[pri:0, instance:TestNG_Demo.TestNG_Data_provider@553a3d88]" name="beforemethod" is-config="true" duration-ms="18240" started-at="2020-03-05T04:20:50Z" finished-at="2020-03-05T04:21:09Z">
          <reporter-output>
          </reporter-output>
        </test-method> <!-- beforemethod -->
        <test-method status="PASS" signature="login(java.lang.String, java.lang.String)[pri:0, instance:TestNG_Demo.TestNG_Data_provider@553a3d88]" name="login" duration-ms="610" started-at="2020-03-05T04:21:09Z" data-provider="Testdata" finished-at="2020-03-05T04:21:09Z">
          <params>
            <param index="0">
              <value>
                <![CDATA[Admin]]>
              </value>
            </param>
            <param index="1">
              <value>
                <![CDATA[admin123]]>
              </value>
            </param>
          </params>
          <reporter-output>
          </reporter-output>
        </test-method> <!-- login -->
        <test-method status="PASS" signature="beforemethod()[pri:0, instance:TestNG_Demo.TestNG_Data_provider@553a3d88]" name="beforemethod" is-config="true" duration-ms="9330" started-at="2020-03-05T04:21:09Z" finished-at="2020-03-05T04:21:19Z">
          <reporter-output>
          </reporter-output>
        </test-method> <!-- beforemethod -->
        <test-method status="PASS" signature="login(java.lang.String, java.lang.String)[pri:0, instance:TestNG_Demo.TestNG_Data_provider@553a3d88]" name="login" duration-ms="306" started-at="2020-03-05T04:21:19Z" data-provider="Testdata" finished-at="2020-03-05T04:21:19Z">
          <params>
            <param index="0">
              <value>
                <![CDATA[username2]]>
              </value>
            </param>
            <param index="1">
              <value>
                <![CDATA[password2]]>
              </value>
            </param>
          </params>
          <reporter-output>
          </reporter-output>
        </test-method> <!-- login -->
        <test-method status="PASS" signature="beforemethod()[pri:0, instance:TestNG_Demo.TestNG_Data_provider@553a3d88]" name="beforemethod" is-config="true" duration-ms="18119" started-at="2020-03-05T04:21:19Z" finished-at="2020-03-05T04:21:37Z">
          <reporter-output>
          </reporter-output>
        </test-method> <!-- beforemethod -->
        <test-method status="PASS" signature="login(java.lang.String, java.lang.String)[pri:0, instance:TestNG_Demo.TestNG_Data_provider@553a3d88]" name="login" duration-ms="263" started-at="2020-03-05T04:21:37Z" data-provider="Testdata" finished-at="2020-03-05T04:21:37Z">
          <params>
            <param index="0">
              <value>
                <![CDATA[username3]]>
              </value>
            </param>
            <param index="1">
              <value>
                <![CDATA[password3]]>
              </value>
            </param>
          </params>
          <reporter-output>
          </reporter-output>
        </test-method> <!-- login -->
      </class> <!-- TestNG_Demo.TestNG_Data_provider -->
    </test> <!-- Default test -->
  </suite> <!-- Default suite -->
</testng-results>
