<?xml version="1.0" encoding="UTF-8"?>
<testng-results skipped="0" failed="0" ignored="0" total="1" passed="1">
  <reporter-output>
  </reporter-output>
  <suite name="Default suite" duration-ms="16219" started-at="2020-02-11T09:34:16Z" finished-at="2020-02-11T09:34:33Z">
    <groups>
    </groups>
    <test name="Default test" duration-ms="16219" started-at="2020-02-11T09:34:16Z" finished-at="2020-02-11T09:34:33Z">
      <class name="Launchfirefox.Firefox">
        <test-method status="PASS" signature="Firefoxbrowseropen()[pri:0, instance:Launchfirefox.Firefox@7f9a81e8]" name="Firefoxbrowseropen" duration-ms="16177" started-at="2020-02-11T09:34:16Z" finished-at="2020-02-11T09:34:33Z">
          <reporter-output>
          </reporter-output>
        </test-method> <!-- Firefoxbrowseropen -->
      </class> <!-- Launchfirefox.Firefox -->
    </test> <!-- Default test -->
  </suite> <!-- Default suite -->
</testng-results>
