<?xml version="1.0" encoding="UTF-8"?>
<!-- Generated by org.testng.reporters.JUnitXMLReporter -->
<testsuite hostname="BLT132" ignored="0" name="Default test" tests="3" failures="0" timestamp="05 Mar 2020 04:21:37 GMT" time="46.935" errors="0">
  <testcase name="login" time="0.61" classname="TestNG_Demo.TestNG_Data_provider"/>
  <testcase name="login" time="0.306" classname="TestNG_Demo.TestNG_Data_provider"/>
  <testcase name="login" time="0.263" classname="TestNG_Demo.TestNG_Data_provider"/>
</testsuite> <!-- Default test -->
